<?xml version="1.0" encoding="UTF-8"?>
<coverage generated="1709767044408" clover="3.2.0">
  <project timestamp="1709767044408" name="All files">
    <metrics statements="25" coveredstatements="24" conditionals="6" coveredconditionals="4" methods="3" coveredmethods="3" elements="34" coveredelements="31" complexity="0" loc="25" ncloc="25" packages="1" files="3" classes="3"/>
    <file name="createQuizUrl.tsx" path="D:\Programing\Anderson\lessons\React_01.24\src\services\createQuizUrl.tsx">
      <metrics statements="9" coveredstatements="9" conditionals="4" coveredconditionals="3" methods="1" coveredmethods="1"/>
      <line num="1" count="1" type="stmt"/>
      <line num="7" count="4" type="stmt"/>
      <line num="8" count="4" type="cond" truecount="1" falsecount="0"/>
      <line num="9" count="3" type="stmt"/>
      <line num="11" count="4" type="cond" truecount="1" falsecount="0"/>
      <line num="12" count="2" type="stmt"/>
      <line num="14" count="4" type="cond" truecount="1" falsecount="0"/>
      <line num="15" count="2" type="stmt"/>
      <line num="17" count="4" type="stmt"/>
    </file>
    <file name="getCategories.tsx" path="D:\Programing\Anderson\lessons\React_01.24\src\services\getCategories.tsx">
      <metrics statements="7" coveredstatements="7" conditionals="0" coveredconditionals="0" methods="1" coveredmethods="1"/>
      <line num="1" count="1" type="stmt"/>
      <line num="2" count="2" type="stmt"/>
      <line num="3" count="2" type="stmt"/>
      <line num="4" count="1" type="stmt"/>
      <line num="5" count="1" type="stmt"/>
      <line num="7" count="1" type="stmt"/>
      <line num="10" count="1" type="stmt"/>
    </file>
    <file name="getQuestions.tsx" path="D:\Programing\Anderson\lessons\React_01.24\src\services\getQuestions.tsx">
      <metrics statements="9" coveredstatements="8" conditionals="2" coveredconditionals="1" methods="1" coveredmethods="1"/>
      <line num="1" count="1" type="stmt"/>
      <line num="3" count="1" type="stmt"/>
      <line num="6" count="2" type="stmt"/>
      <line num="7" count="2" type="stmt"/>
      <line num="8" count="1" type="stmt"/>
      <line num="9" count="1" type="stmt"/>
      <line num="11" count="1" type="cond" truecount="1" falsecount="1"/>
      <line num="12" count="1" type="stmt"/>
      <line num="14" count="0" type="stmt"/>
    </file>
  </project>
</coverage>
