{"D:\\Programing\\Anderson\\lessons\\React_01.24\\src\\services\\createQuizUrl.tsx": {"path":"D:\\Programing\\Anderson\\lessons\\React_01.24\\src\\services\\createQuizUrl.tsx","statementMap":{"0":{"start":{"line":1,"column":29},"end":{"line":18,"column":1}},"1":{"start":{"line":7,"column":16},"end":{"line":7,"column":62}},"2":{"start":{"line":8,"column":2},"end":{"line":10,"column":3}},"3":{"start":{"line":9,"column":4},"end":{"line":9,"column":null}},"4":{"start":{"line":11,"column":2},"end":{"line":13,"column":3}},"5":{"start":{"line":12,"column":4},"end":{"line":12,"column":null}},"6":{"start":{"line":14,"column":2},"end":{"line":16,"column":3}},"7":{"start":{"line":15,"column":4},"end":{"line":15,"column":null}},"8":{"start":{"line":17,"column":2},"end":{"line":17,"column":null}},"9":{"start":{"line":1,"column":13},"end":{"line":1,"column":29}}},"fnMap":{"0":{"name":"(anonymous_0)","decl":{"start":{"line":1,"column":29},"end":{"line":1,"column":null}},"loc":{"start":{"line":6,"column":4},"end":{"line":18,"column":1}}}},"branchMap":{"0":{"loc":{"start":{"line":2,"column":2},"end":{"line":2,"column":13}},"type":"default-arg","locations":[{"start":{"line":2,"column":11},"end":{"line":2,"column":13}}]},"1":{"loc":{"start":{"line":8,"column":2},"end":{"line":10,"column":3}},"type":"if","locations":[{"start":{"line":8,"column":2},"end":{"line":10,"column":3}}]},"2":{"loc":{"start":{"line":11,"column":2},"end":{"line":13,"column":3}},"type":"if","locations":[{"start":{"line":11,"column":2},"end":{"line":13,"column":3}}]},"3":{"loc":{"start":{"line":14,"column":2},"end":{"line":16,"column":3}},"type":"if","locations":[{"start":{"line":14,"column":2},"end":{"line":16,"column":3}}]}},"s":{"0":1,"1":4,"2":4,"3":3,"4":4,"5":2,"6":4,"7":2,"8":4,"9":1},"f":{"0":4},"b":{"0":[0],"1":[3],"2":[2],"3":[2]}}
,"D:\\Programing\\Anderson\\lessons\\React_01.24\\src\\services\\getCategories.tsx": {"path":"D:\\Programing\\Anderson\\lessons\\React_01.24\\src\\services\\getCategories.tsx","statementMap":{"0":{"start":{"line":1,"column":22},"end":{"line":9,"column":1}},"1":{"start":{"line":2,"column":2},"end":{"line":8,"column":3}},"2":{"start":{"line":3,"column":21},"end":{"line":3,"column":72}},"3":{"start":{"line":4,"column":34},"end":{"line":4,"column":55}},"4":{"start":{"line":5,"column":4},"end":{"line":5,"column":null}},"5":{"start":{"line":7,"column":4},"end":{"line":7,"column":null}},"6":{"start":{"line":10,"column":0},"end":{"line":10,"column":null}}},"fnMap":{"0":{"name":"(anonymous_0)","decl":{"start":{"line":1,"column":22},"end":{"line":1,"column":27}},"loc":{"start":{"line":1,"column":33},"end":{"line":9,"column":1}}}},"branchMap":{},"s":{"0":1,"1":2,"2":2,"3":1,"4":1,"5":1,"6":1},"f":{"0":2},"b":{}}
,"D:\\Programing\\Anderson\\lessons\\React_01.24\\src\\services\\getQuestions.tsx": {"path":"D:\\Programing\\Anderson\\lessons\\React_01.24\\src\\services\\getQuestions.tsx","statementMap":{"0":{"start":{"line":1,"column":0},"end":{"line":1,"column":51}},"1":{"start":{"line":3,"column":13},"end":{"line":18,"column":null}},"2":{"start":{"line":6,"column":4},"end":{"line":16,"column":5}},"3":{"start":{"line":7,"column":23},"end":{"line":7,"column":39}},"4":{"start":{"line":8,"column":19},"end":{"line":8,"column":40}},"5":{"start":{"line":9,"column":6},"end":{"line":9,"column":null}},"6":{"start":{"line":11,"column":6},"end":{"line":15,"column":7}},"7":{"start":{"line":12,"column":8},"end":{"line":12,"column":null}},"8":{"start":{"line":14,"column":8},"end":{"line":14,"column":null}}},"fnMap":{"0":{"name":"(anonymous_0)","decl":{"start":{"line":5,"column":2},"end":{"line":5,"column":7}},"loc":{"start":{"line":5,"column":45},"end":{"line":17,"column":3}}}},"branchMap":{"0":{"loc":{"start":{"line":11,"column":6},"end":{"line":15,"column":7}},"type":"if","locations":[{"start":{"line":11,"column":6},"end":{"line":15,"column":7}},{"start":{"line":13,"column":13},"end":{"line":15,"column":7}}]}},"s":{"0":1,"1":1,"2":2,"3":2,"4":1,"5":1,"6":1,"7":1,"8":0},"f":{"0":2},"b":{"0":[1,0]}}
}
