TN:
SF:src\services\createQuizUrl.tsx
FN:1,(anonymous_0)
FNF:1
FNH:1
FNDA:4,(anonymous_0)
DA:1,1
DA:7,4
DA:8,4
DA:9,3
DA:11,4
DA:12,2
DA:14,4
DA:15,2
DA:17,4
LF:9
LH:9
BRDA:2,0,0,0
BRDA:8,1,0,3
BRDA:11,2,0,2
BRDA:14,3,0,2
BRF:4
BRH:3
end_of_record
TN:
SF:src\services\getCategories.tsx
FN:1,(anonymous_0)
FNF:1
FNH:1
FNDA:2,(anonymous_0)
DA:1,1
DA:2,2
DA:3,2
DA:4,1
DA:5,1
DA:7,1
DA:10,1
LF:7
LH:7
BRF:0
BRH:0
end_of_record
TN:
SF:src\services\getQuestions.tsx
FN:5,(anonymous_0)
FNF:1
FNH:1
FNDA:2,(anonymous_0)
DA:1,1
DA:3,1
DA:6,2
DA:7,2
DA:8,1
DA:9,1
DA:11,1
DA:12,1
DA:14,0
LF:9
LH:8
BRDA:11,0,0,1
BRDA:11,0,1,0
BRF:2
BRH:1
end_of_record
